<?xml version="1.0" encoding="UTF-8"?>
<testng-results ignored="0" total="1" passed="1" failed="0" skipped="0">
  <reporter-output>
  </reporter-output>
  <suite started-at="2024-09-11T10:41:28 GST" name="Default suite" finished-at="2024-09-11T10:41:37 GST" duration-ms="9194">
    <groups>
    </groups>
    <test started-at="2024-09-11T10:41:28 GST" name="Default test" finished-at="2024-09-11T10:41:37 GST" duration-ms="9194">
      <class name="LoginTest_2">
        <test-method signature="loginOrange()[pri:0, instance:LoginTest_2@5d7148e2]" started-at="2024-09-11T10:41:28 GST" name="loginOrange" finished-at="2024-09-11T10:41:37 GST" duration-ms="9182" status="PASS">
          <reporter-output>
          </reporter-output>
        </test-method> <!-- loginOrange -->
      </class> <!-- LoginTest_2 -->
    </test> <!-- Default test -->
  </suite> <!-- Default suite -->
</testng-results>
